Arguments: 
  /home/octojon/.nvm/versions/node/v16.3.0/bin/node /home/octojon/.yarn/bin/yarn.js add rehype-components

PATH: 
  /home/octojon/.yarn/bin:/home/octojon/.config/yarn/global/node_modules/.bin:/home/octojon/.pyenv/plugins/pyenv-virtualenv/shims:/home/octojon/.pyenv/shims:/home/octojon/.pyenv/bin:/home/octojon/.yarn/bin:/home/octojon/.config/yarn/global/node_modules/.bin:/home/octojon/.nvm/versions/node/v16.3.0/bin:/home/octojon/.pyenv/plugins/pyenv-virtualenv/shims:/home/octojon/.pyenv/shims:/home/octojon/.pyenv/bin:/home/octojon/.cargo/bin:/home/octojon/.local/bin:/usr/local/sbin:/usr/local/bin:/usr/sbin:/usr/bin:/sbin:/bin:/usr/games:/usr/local/games:/snap/bin:/home/octojon/.platformio/penv/bin:/home/octojon/Documents/GitHub/uxn/bin:/home/octojon/.platformio/penv/bin:/home/octojon/Documents/GitHub/uxn/bin

Yarn version: 
  1.22.15

Node version: 
  16.3.0

Platform: 
  linux x64

Trace: 
  Error: https://registry.yarnpkg.com/rehype-components: Not found
      at Request.params.callback [as _callback] (/home/octojon/.yarn/lib/cli.js:67031:18)
      at Request.self.callback (/home/octojon/.yarn/lib/cli.js:140885:22)
      at Request.emit (node:events:394:28)
      at Request.<anonymous> (/home/octojon/.yarn/lib/cli.js:141857:10)
      at Request.emit (node:events:394:28)
      at IncomingMessage.<anonymous> (/home/octojon/.yarn/lib/cli.js:141779:12)
      at Object.onceWrapper (node:events:513:28)
      at IncomingMessage.emit (node:events:406:35)
      at endReadableNT (node:internal/streams/readable:1329:12)
      at processTicksAndRejections (node:internal/process/task_queues:83:21)

npm manifest: 
  {
    "name": "java-summer-modules",
    "version": "1.0.0",
    "main": "index.js",
    "repository": "git@github.com:CodeVA-Curriculum/java-summer-modules.git",
    "author": "Jon Stapleton <stapleton.jon.michael@gmail.com>",
    "license": "MIT",
    "scripts": {
      "build": "node index.mjs"
    },
    "dependencies": {
      "to-vfile": "^7.2.3"
    }
  }

yarn manifest: 
  No manifest

Lockfile: 
  # THIS IS AN AUTOGENERATED FILE. DO NOT EDIT THIS FILE DIRECTLY.
  # yarn lockfile v1
  
  
  "@types/unist@^2.0.0":
    version "2.0.6"
    resolved "https://registry.yarnpkg.com/@types/unist/-/unist-2.0.6.tgz#250a7b16c3b91f672a24552ec64678eeb1d3a08d"
    integrity sha512-PBjIUxZHOuj0R15/xuwJYjFi+KZdNFrehocChv4g5hu6aFroHue8m0lBP0POdK2nKzbw0cgV1mws8+V/JAcEkQ==
  
  is-buffer@^2.0.0:
    version "2.0.5"
    resolved "https://registry.yarnpkg.com/is-buffer/-/is-buffer-2.0.5.tgz#ebc252e400d22ff8d77fa09888821a24a658c191"
    integrity sha512-i2R6zNFDwgEHJyQUtJEk0XFi1i0dPFn/oqjK3/vPCcDeJvW5NQ83V8QbicfF1SupOaB0h8ntgBC2YiE7dfyctQ==
  
  to-vfile@^7.2.3:
    version "7.2.3"
    resolved "https://registry.yarnpkg.com/to-vfile/-/to-vfile-7.2.3.tgz#4e54ad10878901703f1a956a33ba4f131c31eef7"
    integrity sha512-QO0A9aE6Z/YkmQadJ0syxpmNXtcQiu0qAtCKYKD5cS3EfgfFTAXfgLX6AOaBrSfWSek5nfsMf3gBZ9KGVFcLuw==
    dependencies:
      is-buffer "^2.0.0"
      vfile "^5.1.0"
  
  unist-util-stringify-position@^3.0.0:
    version "3.0.2"
    resolved "https://registry.yarnpkg.com/unist-util-stringify-position/-/unist-util-stringify-position-3.0.2.tgz#5c6aa07c90b1deffd9153be170dce628a869a447"
    integrity sha512-7A6eiDCs9UtjcwZOcCpM4aPII3bAAGv13E96IkawkOAW0OhH+yRxtY0lzo8KiHpzEMfH7Q+FizUmwp8Iqy5EWg==
    dependencies:
      "@types/unist" "^2.0.0"
  
  vfile-message@^3.0.0:
    version "3.1.2"
    resolved "https://registry.yarnpkg.com/vfile-message/-/vfile-message-3.1.2.tgz#a2908f64d9e557315ec9d7ea3a910f658ac05f7d"
    integrity sha512-QjSNP6Yxzyycd4SVOtmKKyTsSvClqBPJcd00Z0zuPj3hOIjg0rUPG6DbFGPvUKRgYyaIWLPKpuEclcuvb3H8qA==
    dependencies:
      "@types/unist" "^2.0.0"
      unist-util-stringify-position "^3.0.0"
  
  vfile@^5.1.0:
    version "5.3.2"
    resolved "https://registry.yarnpkg.com/vfile/-/vfile-5.3.2.tgz#b499fbc50197ea50ad3749e9b60beb16ca5b7c54"
    integrity sha512-w0PLIugRY3Crkgw89TeMvHCzqCs/zpreR31hl4D92y6SOE07+bfJe+dK5Q2akwS+i/c801kzjoOr9gMcTe6IAA==
    dependencies:
      "@types/unist" "^2.0.0"
      is-buffer "^2.0.0"
      unist-util-stringify-position "^3.0.0"
      vfile-message "^3.0.0"
